{"/Users/macbook/Data/Projects/99Tech/code-challenge/src/problem5/src/app/app.ts": {"path":"/Users/macbook/Data/Projects/99Tech/code-challenge/src/problem5/src/app/app.ts","statementMap":{"0":{"start":{"line":1,"column":0},"end":{"line":1,"column":24}},"1":{"start":{"line":2,"column":0},"end":{"line":2,"column":53}},"2":{"start":{"line":3,"column":0},"end":{"line":3,"column":28}},"3":{"start":{"line":4,"column":0},"end":{"line":4,"column":28}},"4":{"start":{"line":5,"column":0},"end":{"line":5,"column":43}},"5":{"start":{"line":6,"column":0},"end":{"line":6,"column":54}},"6":{"start":{"line":7,"column":0},"end":{"line":7,"column":48}},"7":{"start":{"line":8,"column":0},"end":{"line":8,"column":36}},"8":{"start":{"line":9,"column":0},"end":{"line":9,"column":63}},"9":{"start":{"line":10,"column":0},"end":{"line":10,"column":69}},"10":{"start":{"line":11,"column":0},"end":{"line":11,"column":31}},"11":{"start":{"line":12,"column":0},"end":{"line":12,"column":41}},"12":{"start":{"line":14,"column":12},"end":{"line":14,"column":21}},"13":{"start":{"line":17,"column":0},"end":{"line":17,"column":18}},"14":{"start":{"line":20,"column":0},"end":{"line":26,"column":2}},"15":{"start":{"line":29,"column":0},"end":{"line":33,"column":2}},"16":{"start":{"line":31,"column":34},"end":{"line":31,"column":61}},"17":{"start":{"line":35,"column":0},"end":{"line":35,"column":24}},"18":{"start":{"line":36,"column":0},"end":{"line":36,"column":48}},"19":{"start":{"line":39,"column":0},"end":{"line":39,"column":32}},"20":{"start":{"line":42,"column":0},"end":{"line":42,"column":64}},"21":{"start":{"line":43,"column":0},"end":{"line":43,"column":79}},"22":{"start":{"line":43,"column":56},"end":{"line":43,"column":77}},"23":{"start":{"line":46,"column":0},"end":{"line":53,"column":3}},"24":{"start":{"line":47,"column":2},"end":{"line":52,"column":3}},"25":{"start":{"line":48,"column":4},"end":{"line":48,"column":42}},"26":{"start":{"line":49,"column":4},"end":{"line":49,"column":64}},"27":{"start":{"line":51,"column":4},"end":{"line":51,"column":98}},"28":{"start":{"line":56,"column":0},"end":{"line":56,"column":27}},"29":{"start":{"line":59,"column":0},"end":{"line":59,"column":22}},"30":{"start":{"line":61,"column":0},"end":{"line":61,"column":19}}},"fnMap":{"0":{"name":"(anonymous_1)","decl":{"start":{"line":31,"column":21},"end":{"line":31,"column":22}},"loc":{"start":{"line":31,"column":34},"end":{"line":31,"column":61}}},"1":{"name":"(anonymous_2)","decl":{"start":{"line":43,"column":22},"end":{"line":43,"column":23}},"loc":{"start":{"line":43,"column":56},"end":{"line":43,"column":77}}},"2":{"name":"(anonymous_3)","decl":{"start":{"line":46,"column":19},"end":{"line":46,"column":24}},"loc":{"start":{"line":46,"column":58},"end":{"line":53,"column":1}}}},"branchMap":{},"s":{"0":1,"1":1,"2":1,"3":1,"4":1,"5":1,"6":1,"7":1,"8":1,"9":1,"10":1,"11":1,"12":1,"13":1,"14":1,"15":1,"16":8,"17":1,"18":1,"19":1,"20":1,"21":1,"22":0,"23":1,"24":6,"25":6,"26":5,"27":1,"28":1,"29":1,"30":1},"f":{"0":8,"1":0,"2":6},"b":{}}
,"/Users/macbook/Data/Projects/99Tech/code-challenge/src/problem5/src/config/data-source.ts": {"path":"/Users/macbook/Data/Projects/99Tech/code-challenge/src/problem5/src/config/data-source.ts","statementMap":{"0":{"start":{"line":1,"column":0},"end":{"line":1,"column":26}},"1":{"start":{"line":2,"column":0},"end":{"line":2,"column":37}},"2":{"start":{"line":3,"column":0},"end":{"line":3,"column":28}},"3":{"start":{"line":4,"column":0},"end":{"line":4,"column":53}},"4":{"start":{"line":6,"column":13},"end":{"line":21,"column":3}}},"fnMap":{},"branchMap":{"0":{"loc":{"start":{"line":15,"column":4},"end":{"line":17,"column":29}},"type":"cond-expr","locations":[{"start":{"line":16,"column":8},"end":{"line":16,"column":30}},{"start":{"line":17,"column":8},"end":{"line":17,"column":29}}]}},"s":{"0":0,"1":0,"2":0,"3":0,"4":0},"f":{},"b":{"0":[0,0]}}
,"/Users/macbook/Data/Projects/99Tech/code-challenge/src/problem5/src/config/database.ts": {"path":"/Users/macbook/Data/Projects/99Tech/code-challenge/src/problem5/src/config/database.ts","statementMap":{"0":{"start":{"line":5,"column":0},"end":{"line":5,"column":7}},"1":{"start":{"line":1,"column":0},"end":{"line":1,"column":9}},"2":{"start":{"line":3,"column":9},"end":{"line":1,"column":46}},"3":{"start":{"line":6,"column":2},"end":{"line":6,"column":35}}},"fnMap":{"0":{"name":"(anonymous_0)","decl":{"start":{"line":3,"column":9},"end":{"line":3,"column":22}},"loc":{"start":{"line":3,"column":9},"end":{"line":1,"column":46}}},"1":{"name":"connectDatabase","decl":{"start":{"line":5,"column":22},"end":{"line":5,"column":37}},"loc":{"start":{"line":5,"column":37},"end":{"line":7,"column":1}}}},"branchMap":{},"s":{"0":0,"1":0,"2":0,"3":0},"f":{"0":0,"1":0},"b":{}}
,"/Users/macbook/Data/Projects/99Tech/code-challenge/src/problem5/src/config/env.ts": {"path":"/Users/macbook/Data/Projects/99Tech/code-challenge/src/problem5/src/config/env.ts","statementMap":{"0":{"start":{"line":1,"column":0},"end":{"line":1,"column":28}},"1":{"start":{"line":2,"column":0},"end":{"line":2,"column":16}},"2":{"start":{"line":5,"column":16},"end":{"line":5,"column":32}},"3":{"start":{"line":6,"column":2},"end":{"line":6,"column":79}},"4":{"start":{"line":6,"column":14},"end":{"line":6,"column":79}},"5":{"start":{"line":7,"column":2},"end":{"line":7,"column":15}},"6":{"start":{"line":10,"column":13},"end":{"line":41,"column":2}}},"fnMap":{"0":{"name":"requireEnv","decl":{"start":{"line":4,"column":9},"end":{"line":4,"column":19}},"loc":{"start":{"line":4,"column":31},"end":{"line":8,"column":1}}}},"branchMap":{"0":{"loc":{"start":{"line":6,"column":2},"end":{"line":6,"column":79}},"type":"if","locations":[{"start":{"line":6,"column":2},"end":{"line":6,"column":79}},{"start":{},"end":{}}]},"1":{"loc":{"start":{"line":11,"column":17},"end":{"line":11,"column":43}},"type":"binary-expr","locations":[{"start":{"line":11,"column":17},"end":{"line":11,"column":33}},{"start":{"line":11,"column":37},"end":{"line":11,"column":43}}]},"2":{"loc":{"start":{"line":12,"column":11},"end":{"line":12,"column":48}},"type":"binary-expr","locations":[{"start":{"line":12,"column":11},"end":{"line":12,"column":31}},{"start":{"line":12,"column":35},"end":{"line":12,"column":48}}]},"3":{"loc":{"start":{"line":13,"column":11},"end":{"line":13,"column":87}},"type":"binary-expr","locations":[{"start":{"line":13,"column":11},"end":{"line":13,"column":35}},{"start":{"line":13,"column":39},"end":{"line":13,"column":87}}]},"4":{"loc":{"start":{"line":13,"column":59},"end":{"line":13,"column":85}},"type":"binary-expr","locations":[{"start":{"line":13,"column":59},"end":{"line":13,"column":75}},{"start":{"line":13,"column":79},"end":{"line":13,"column":85}}]},"5":{"loc":{"start":{"line":17,"column":19},"end":{"line":17,"column":48}},"type":"binary-expr","locations":[{"start":{"line":17,"column":19},"end":{"line":17,"column":38}},{"start":{"line":17,"column":42},"end":{"line":17,"column":48}}]},"6":{"loc":{"start":{"line":24,"column":10},"end":{"line":24,"column":47}},"type":"binary-expr","locations":[{"start":{"line":24,"column":10},"end":{"line":24,"column":32}},{"start":{"line":24,"column":36},"end":{"line":24,"column":47}}]},"7":{"loc":{"start":{"line":25,"column":19},"end":{"line":25,"column":51}},"type":"binary-expr","locations":[{"start":{"line":25,"column":19},"end":{"line":25,"column":41}},{"start":{"line":25,"column":45},"end":{"line":25,"column":51}}]},"8":{"loc":{"start":{"line":26,"column":18},"end":{"line":26,"column":48}},"type":"binary-expr","locations":[{"start":{"line":26,"column":18},"end":{"line":26,"column":39}},{"start":{"line":26,"column":43},"end":{"line":26,"column":48}}]},"9":{"loc":{"start":{"line":30,"column":21},"end":{"line":30,"column":75}},"type":"binary-expr","locations":[{"start":{"line":30,"column":21},"end":{"line":30,"column":48}},{"start":{"line":30,"column":52},"end":{"line":30,"column":75}}]},"10":{"loc":{"start":{"line":34,"column":23},"end":{"line":34,"column":67}},"type":"binary-expr","locations":[{"start":{"line":34,"column":23},"end":{"line":34,"column":55}},{"start":{"line":34,"column":59},"end":{"line":34,"column":67}}]},"11":{"loc":{"start":{"line":35,"column":18},"end":{"line":35,"column":53}},"type":"binary-expr","locations":[{"start":{"line":35,"column":18},"end":{"line":35,"column":44}},{"start":{"line":35,"column":48},"end":{"line":35,"column":53}}]}},"s":{"0":6,"1":6,"2":24,"3":24,"4":0,"5":24,"6":6},"f":{"0":24},"b":{"0":[0,24],"1":[6,0],"2":[6,0],"3":[6,6],"4":[6,0],"5":[6,0],"6":[6,0],"7":[6,0],"8":[6,0],"9":[6,6],"10":[6,0],"11":[6,0]}}
,"/Users/macbook/Data/Projects/99Tech/code-challenge/src/problem5/src/config/swagger.ts": {"path":"/Users/macbook/Data/Projects/99Tech/code-challenge/src/problem5/src/config/swagger.ts","statementMap":{"0":{"start":{"line":1,"column":0},"end":{"line":1,"column":24}},"1":{"start":{"line":2,"column":0},"end":{"line":2,"column":41}},"2":{"start":{"line":3,"column":0},"end":{"line":3,"column":28}},"3":{"start":{"line":5,"column":38},"end":{"line":77,"column":2}},"4":{"start":{"line":79,"column":13},"end":{"line":79,"column":49}}},"fnMap":{},"branchMap":{},"s":{"0":1,"1":1,"2":1,"3":1,"4":1},"f":{},"b":{}}
,"/Users/macbook/Data/Projects/99Tech/code-challenge/src/problem5/src/controllers/user.controller.ts": {"path":"/Users/macbook/Data/Projects/99Tech/code-challenge/src/problem5/src/controllers/user.controller.ts","statementMap":{"0":{"start":{"line":4,"column":0},"end":{"line":4,"column":79}},"1":{"start":{"line":8,"column":31},"end":{"line":8,"column":56}},"2":{"start":{"line":11,"column":4},"end":{"line":17,"column":5}},"3":{"start":{"line":12,"column":33},"end":{"line":12,"column":41}},"4":{"start":{"line":13,"column":19},"end":{"line":13,"column":57}},"5":{"start":{"line":14,"column":6},"end":{"line":14,"column":63}},"6":{"start":{"line":16,"column":6},"end":{"line":16,"column":16}},"7":{"start":{"line":21,"column":4},"end":{"line":27,"column":5}},"8":{"start":{"line":22,"column":35},"end":{"line":22,"column":70}},"9":{"start":{"line":23,"column":21},"end":{"line":23,"column":62}},"10":{"start":{"line":24,"column":6},"end":{"line":24,"column":65}},"11":{"start":{"line":26,"column":6},"end":{"line":26,"column":16}},"12":{"start":{"line":31,"column":4},"end":{"line":36,"column":5}},"13":{"start":{"line":32,"column":19},"end":{"line":32,"column":68}},"14":{"start":{"line":33,"column":6},"end":{"line":33,"column":60}},"15":{"start":{"line":35,"column":6},"end":{"line":35,"column":16}},"16":{"start":{"line":40,"column":4},"end":{"line":46,"column":5}},"17":{"start":{"line":41,"column":33},"end":{"line":41,"column":41}},"18":{"start":{"line":42,"column":19},"end":{"line":42,"column":72}},"19":{"start":{"line":43,"column":6},"end":{"line":43,"column":58}},"20":{"start":{"line":45,"column":6},"end":{"line":45,"column":16}},"21":{"start":{"line":50,"column":4},"end":{"line":55,"column":5}},"22":{"start":{"line":51,"column":6},"end":{"line":51,"column":55}},"23":{"start":{"line":52,"column":6},"end":{"line":52,"column":52}},"24":{"start":{"line":54,"column":6},"end":{"line":54,"column":16}},"25":{"start":{"line":7,"column":0},"end":{"line":7,"column":13}}},"fnMap":{"0":{"name":"(anonymous_0)","decl":{"start":{"line":8,"column":2},"end":{"line":8,"column":31}},"loc":{"start":{"line":8,"column":56},"end":{"line":8,"column":60}}},"1":{"name":"(anonymous_1)","decl":{"start":{"line":10,"column":2},"end":{"line":10,"column":7}},"loc":{"start":{"line":10,"column":62},"end":{"line":18,"column":3}}},"2":{"name":"(anonymous_2)","decl":{"start":{"line":20,"column":2},"end":{"line":20,"column":7}},"loc":{"start":{"line":20,"column":60},"end":{"line":28,"column":3}}},"3":{"name":"(anonymous_3)","decl":{"start":{"line":30,"column":2},"end":{"line":30,"column":7}},"loc":{"start":{"line":30,"column":63},"end":{"line":37,"column":3}}},"4":{"name":"(anonymous_4)","decl":{"start":{"line":39,"column":2},"end":{"line":39,"column":7}},"loc":{"start":{"line":39,"column":62},"end":{"line":47,"column":3}}},"5":{"name":"(anonymous_5)","decl":{"start":{"line":49,"column":2},"end":{"line":49,"column":7}},"loc":{"start":{"line":49,"column":62},"end":{"line":56,"column":3}}}},"branchMap":{},"s":{"0":2,"1":8,"2":2,"3":2,"4":2,"5":1,"6":1,"7":1,"8":1,"9":1,"10":1,"11":0,"12":2,"13":2,"14":1,"15":1,"16":1,"17":1,"18":1,"19":1,"20":0,"21":1,"22":1,"23":1,"24":0,"25":2},"f":{"0":8,"1":2,"2":1,"3":2,"4":1,"5":1},"b":{}}
,"/Users/macbook/Data/Projects/99Tech/code-challenge/src/problem5/src/entities/user.entity.ts": {"path":"/Users/macbook/Data/Projects/99Tech/code-challenge/src/problem5/src/entities/user.entity.ts","statementMap":{"0":{"start":{"line":1,"column":0},"end":{"line":1,"column":null}},"1":{"start":{"line":12,"column":7},"end":{"line":36,"column":null}},"2":{"start":{"line":12,"column":13},"end":{"line":12,"column":23}},"3":{"start":{"line":14,"column":2},"end":{"line":14,"column":null}},"4":{"start":{"line":17,"column":2},"end":{"line":17,"column":null}},"5":{"start":{"line":21,"column":2},"end":{"line":21,"column":null}},"6":{"start":{"line":25,"column":2},"end":{"line":25,"column":null}},"7":{"start":{"line":28,"column":2},"end":{"line":28,"column":null}},"8":{"start":{"line":31,"column":2},"end":{"line":31,"column":null}},"9":{"start":{"line":35,"column":2},"end":{"line":35,"column":null}},"10":{"start":{"line":12,"column":13},"end":{"line":36,"column":null}}},"fnMap":{},"branchMap":{},"s":{"0":1,"1":1,"2":1,"3":1,"4":1,"5":1,"6":1,"7":1,"8":1,"9":1,"10":1},"f":{},"b":{}}
,"/Users/macbook/Data/Projects/99Tech/code-challenge/src/problem5/src/middlewares/auth.middleware.ts": {"path":"/Users/macbook/Data/Projects/99Tech/code-challenge/src/problem5/src/middlewares/auth.middleware.ts","statementMap":{"0":{"start":{"line":21,"column":0},"end":{"line":21,"column":16}},"1":{"start":{"line":2,"column":0},"end":{"line":2,"column":36}},"2":{"start":{"line":4,"column":0},"end":{"line":4,"column":51}},"3":{"start":{"line":22,"column":2},"end":{"line":26,"column":3}},"4":{"start":{"line":23,"column":4},"end":{"line":23,"column":49}},"5":{"start":{"line":24,"column":4},"end":{"line":24,"column":11}},"6":{"start":{"line":25,"column":4},"end":{"line":25,"column":11}},"7":{"start":{"line":28,"column":21},"end":{"line":28,"column":46}},"8":{"start":{"line":30,"column":2},"end":{"line":33,"column":3}},"9":{"start":{"line":31,"column":4},"end":{"line":31,"column":67}},"10":{"start":{"line":32,"column":4},"end":{"line":32,"column":11}},"11":{"start":{"line":35,"column":16},"end":{"line":35,"column":35}},"12":{"start":{"line":36,"column":16},"end":{"line":36,"column":32}},"13":{"start":{"line":39,"column":2},"end":{"line":42,"column":3}},"14":{"start":{"line":40,"column":4},"end":{"line":40,"column":85}},"15":{"start":{"line":41,"column":4},"end":{"line":41,"column":11}},"16":{"start":{"line":44,"column":15},"end":{"line":44,"column":35}},"17":{"start":{"line":45,"column":2},"end":{"line":48,"column":3}},"18":{"start":{"line":46,"column":4},"end":{"line":46,"column":54}},"19":{"start":{"line":47,"column":4},"end":{"line":47,"column":11}},"20":{"start":{"line":50,"column":17},"end":{"line":50,"column":41}},"21":{"start":{"line":51,"column":2},"end":{"line":51,"column":34}},"22":{"start":{"line":52,"column":2},"end":{"line":52,"column":9}}},"fnMap":{"0":{"name":"authenticate","decl":{"start":{"line":21,"column":16},"end":{"line":21,"column":28}},"loc":{"start":{"line":21,"column":76},"end":{"line":53,"column":1}}}},"branchMap":{"0":{"loc":{"start":{"line":22,"column":2},"end":{"line":26,"column":3}},"type":"if","locations":[{"start":{"line":22,"column":2},"end":{"line":26,"column":3}},{"start":{},"end":{}}]},"1":{"loc":{"start":{"line":30,"column":2},"end":{"line":33,"column":3}},"type":"if","locations":[{"start":{"line":30,"column":2},"end":{"line":33,"column":3}},{"start":{},"end":{}}]},"2":{"loc":{"start":{"line":30,"column":6},"end":{"line":30,"column":54}},"type":"binary-expr","locations":[{"start":{"line":30,"column":6},"end":{"line":30,"column":17}},{"start":{"line":30,"column":21},"end":{"line":30,"column":54}}]},"3":{"loc":{"start":{"line":39,"column":2},"end":{"line":42,"column":3}},"type":"if","locations":[{"start":{"line":39,"column":2},"end":{"line":42,"column":3}},{"start":{},"end":{}}]},"4":{"loc":{"start":{"line":39,"column":6},"end":{"line":39,"column":45}},"type":"binary-expr","locations":[{"start":{"line":39,"column":6},"end":{"line":39,"column":22}},{"start":{"line":39,"column":26},"end":{"line":39,"column":45}}]},"5":{"loc":{"start":{"line":45,"column":2},"end":{"line":48,"column":3}},"type":"if","locations":[{"start":{"line":45,"column":2},"end":{"line":48,"column":3}},{"start":{},"end":{}}]},"6":{"loc":{"start":{"line":45,"column":6},"end":{"line":45,"column":41}},"type":"binary-expr","locations":[{"start":{"line":45,"column":6},"end":{"line":45,"column":21}},{"start":{"line":45,"column":25},"end":{"line":45,"column":41}}]}},"s":{"0":2,"1":2,"2":2,"3":7,"4":0,"5":0,"6":0,"7":7,"8":7,"9":3,"10":3,"11":4,"12":4,"13":4,"14":1,"15":1,"16":3,"17":3,"18":1,"19":1,"20":2,"21":2,"22":2},"f":{"0":7},"b":{"0":[0,7],"1":[3,4],"2":[7,5],"3":[1,3],"4":[4,4],"5":[1,2],"6":[3,2]}}
,"/Users/macbook/Data/Projects/99Tech/code-challenge/src/problem5/src/middlewares/error.middleware.ts": {"path":"/Users/macbook/Data/Projects/99Tech/code-challenge/src/problem5/src/middlewares/error.middleware.ts","statementMap":{"0":{"start":{"line":7,"column":0},"end":{"line":7,"column":16}},"1":{"start":{"line":2,"column":0},"end":{"line":2,"column":43}},"2":{"start":{"line":3,"column":0},"end":{"line":3,"column":41}},"3":{"start":{"line":4,"column":0},"end":{"line":4,"column":36}},"4":{"start":{"line":8,"column":2},"end":{"line":11,"column":3}},"5":{"start":{"line":9,"column":4},"end":{"line":9,"column":78}},"6":{"start":{"line":10,"column":4},"end":{"line":10,"column":11}},"7":{"start":{"line":13,"column":2},"end":{"line":13,"column":78}},"8":{"start":{"line":15,"column":2},"end":{"line":19,"column":5}}},"fnMap":{"0":{"name":"errorHandler","decl":{"start":{"line":7,"column":16},"end":{"line":7,"column":28}},"loc":{"start":{"line":7,"column":89},"end":{"line":20,"column":1}}}},"branchMap":{"0":{"loc":{"start":{"line":8,"column":2},"end":{"line":11,"column":3}},"type":"if","locations":[{"start":{"line":8,"column":2},"end":{"line":11,"column":3}},{"start":{},"end":{}}]},"1":{"loc":{"start":{"line":18,"column":8},"end":{"line":18,"column":63}},"type":"binary-expr","locations":[{"start":{"line":18,"column":8},"end":{"line":18,"column":36}},{"start":{"line":18,"column":40},"end":{"line":18,"column":63}}]}},"s":{"0":1,"1":1,"2":1,"3":1,"4":0,"5":0,"6":0,"7":0,"8":0},"f":{"0":0},"b":{"0":[0,0],"1":[0,0]}}
,"/Users/macbook/Data/Projects/99Tech/code-challenge/src/problem5/src/middlewares/permission.middleware.ts": {"path":"/Users/macbook/Data/Projects/99Tech/code-challenge/src/problem5/src/middlewares/permission.middleware.ts","statementMap":{"0":{"start":{"line":13,"column":0},"end":{"line":13,"column":16}},"1":{"start":{"line":3,"column":0},"end":{"line":3,"column":51}},"2":{"start":{"line":14,"column":2},"end":{"line":30,"column":4}},"3":{"start":{"line":15,"column":4},"end":{"line":18,"column":5}},"4":{"start":{"line":16,"column":6},"end":{"line":16,"column":42}},"5":{"start":{"line":17,"column":6},"end":{"line":17,"column":13}},"6":{"start":{"line":20,"column":4},"end":{"line":27,"column":5}},"7":{"start":{"line":21,"column":6},"end":{"line":25,"column":8}},"8":{"start":{"line":26,"column":6},"end":{"line":26,"column":13}},"9":{"start":{"line":29,"column":4},"end":{"line":29,"column":11}}},"fnMap":{"0":{"name":"requireRole","decl":{"start":{"line":13,"column":16},"end":{"line":13,"column":27}},"loc":{"start":{"line":13,"column":55},"end":{"line":31,"column":1}}},"1":{"name":"(anonymous_1)","decl":{"start":{"line":14,"column":9},"end":{"line":14,"column":10}},"loc":{"start":{"line":14,"column":67},"end":{"line":30,"column":3}}}},"branchMap":{"0":{"loc":{"start":{"line":15,"column":4},"end":{"line":18,"column":5}},"type":"if","locations":[{"start":{"line":15,"column":4},"end":{"line":18,"column":5}},{"start":{},"end":{}}]},"1":{"loc":{"start":{"line":20,"column":4},"end":{"line":27,"column":5}},"type":"if","locations":[{"start":{"line":20,"column":4},"end":{"line":27,"column":5}},{"start":{},"end":{}}]}},"s":{"0":2,"1":2,"2":9,"3":4,"4":1,"5":1,"6":3,"7":1,"8":1,"9":2},"f":{"0":9,"1":4},"b":{"0":[1,3],"1":[1,2]}}
,"/Users/macbook/Data/Projects/99Tech/code-challenge/src/problem5/src/middlewares/rateLimit.middleware.ts": {"path":"/Users/macbook/Data/Projects/99Tech/code-challenge/src/problem5/src/middlewares/rateLimit.middleware.ts","statementMap":{"0":{"start":{"line":1,"column":0},"end":{"line":1,"column":43}},"1":{"start":{"line":2,"column":0},"end":{"line":2,"column":36}},"2":{"start":{"line":4,"column":13},"end":{"line":13,"column":3}}},"fnMap":{},"branchMap":{},"s":{"0":1,"1":1,"2":1},"f":{},"b":{}}
,"/Users/macbook/Data/Projects/99Tech/code-challenge/src/problem5/src/middlewares/validation.middleware.ts": {"path":"/Users/macbook/Data/Projects/99Tech/code-challenge/src/problem5/src/middlewares/validation.middleware.ts","statementMap":{"0":{"start":{"line":5,"column":0},"end":{"line":5,"column":16}},"1":{"start":{"line":2,"column":0},"end":{"line":2,"column":42}},"2":{"start":{"line":3,"column":0},"end":{"line":3,"column":51}},"3":{"start":{"line":6,"column":2},"end":{"line":31,"column":4}},"4":{"start":{"line":7,"column":4},"end":{"line":30,"column":5}},"5":{"start":{"line":8,"column":21},"end":{"line":12,"column":8}},"6":{"start":{"line":15,"column":6},"end":{"line":15,"column":60}},"7":{"start":{"line":15,"column":37},"end":{"line":15,"column":60}},"8":{"start":{"line":16,"column":6},"end":{"line":16,"column":66}},"9":{"start":{"line":16,"column":39},"end":{"line":16,"column":66}},"10":{"start":{"line":17,"column":6},"end":{"line":17,"column":63}},"11":{"start":{"line":17,"column":38},"end":{"line":17,"column":63}},"12":{"start":{"line":19,"column":6},"end":{"line":19,"column":13}},"13":{"start":{"line":21,"column":6},"end":{"line":28,"column":7}},"14":{"start":{"line":22,"column":23},"end":{"line":25,"column":11}},"15":{"start":{"line":22,"column":46},"end":{"line":25,"column":10}},"16":{"start":{"line":23,"column":38},"end":{"line":23,"column":85}},"17":{"start":{"line":26,"column":8},"end":{"line":26,"column":57}},"18":{"start":{"line":27,"column":8},"end":{"line":27,"column":15}},"19":{"start":{"line":29,"column":6},"end":{"line":29,"column":16}}},"fnMap":{"0":{"name":"validate","decl":{"start":{"line":5,"column":16},"end":{"line":5,"column":24}},"loc":{"start":{"line":5,"column":42},"end":{"line":32,"column":1}}},"1":{"name":"(anonymous_1)","decl":{"start":{"line":6,"column":9},"end":{"line":6,"column":14}},"loc":{"start":{"line":6,"column":82},"end":{"line":31,"column":3}}},"2":{"name":"(anonymous_2)","decl":{"start":{"line":22,"column":38},"end":{"line":22,"column":39}},"loc":{"start":{"line":22,"column":46},"end":{"line":25,"column":10}}},"3":{"name":"(anonymous_3)","decl":{"start":{"line":23,"column":31},"end":{"line":23,"column":32}},"loc":{"start":{"line":23,"column":38},"end":{"line":23,"column":85}}}},"branchMap":{"0":{"loc":{"start":{"line":15,"column":6},"end":{"line":15,"column":60}},"type":"if","locations":[{"start":{"line":15,"column":6},"end":{"line":15,"column":60}},{"start":{},"end":{}}]},"1":{"loc":{"start":{"line":16,"column":6},"end":{"line":16,"column":66}},"type":"if","locations":[{"start":{"line":16,"column":6},"end":{"line":16,"column":66}},{"start":{},"end":{}}]},"2":{"loc":{"start":{"line":17,"column":6},"end":{"line":17,"column":63}},"type":"if","locations":[{"start":{"line":17,"column":6},"end":{"line":17,"column":63}},{"start":{},"end":{}}]},"3":{"loc":{"start":{"line":21,"column":6},"end":{"line":28,"column":7}},"type":"if","locations":[{"start":{"line":21,"column":6},"end":{"line":28,"column":7}},{"start":{},"end":{}}]},"4":{"loc":{"start":{"line":23,"column":38},"end":{"line":23,"column":85}},"type":"binary-expr","locations":[{"start":{"line":23,"column":38},"end":{"line":23,"column":50}},{"start":{"line":23,"column":54},"end":{"line":23,"column":68}},{"start":{"line":23,"column":72},"end":{"line":23,"column":85}}]}},"s":{"0":3,"1":3,"2":3,"3":23,"4":18,"5":18,"6":13,"7":4,"8":13,"9":1,"10":13,"11":9,"12":13,"13":5,"14":5,"15":6,"16":12,"17":5,"18":5,"19":0},"f":{"0":23,"1":18,"2":6,"3":12},"b":{"0":[4,9],"1":[1,12],"2":[9,4],"3":[5,0],"4":[12,9,9]}}
,"/Users/macbook/Data/Projects/99Tech/code-challenge/src/problem5/src/migrations/1775661024813-CreateUsersTable.ts": {"path":"/Users/macbook/Data/Projects/99Tech/code-challenge/src/problem5/src/migrations/1775661024813-CreateUsersTable.ts","statementMap":{"0":{"start":{"line":4,"column":4},"end":{"line":4,"column":null}},"1":{"start":{"line":7,"column":8},"end":{"line":7,"column":427}},"2":{"start":{"line":8,"column":8},"end":{"line":8,"column":110}},"3":{"start":{"line":9,"column":8},"end":{"line":9,"column":102}},"4":{"start":{"line":13,"column":8},"end":{"line":13,"column":88}},"5":{"start":{"line":14,"column":8},"end":{"line":14,"column":88}},"6":{"start":{"line":15,"column":8},"end":{"line":15,"column":54}},"7":{"start":{"line":3,"column":0},"end":{"line":3,"column":13}}},"fnMap":{"0":{"name":"(anonymous_0)","decl":{"start":{"line":3,"column":0},"end":{"line":3,"column":13}},"loc":{"start":{"line":3,"column":0},"end":{"line":18,"column":1}}},"1":{"name":"(anonymous_1)","decl":{"start":{"line":6,"column":11},"end":{"line":6,"column":16}},"loc":{"start":{"line":6,"column":44},"end":{"line":10,"column":5}}},"2":{"name":"(anonymous_2)","decl":{"start":{"line":12,"column":11},"end":{"line":12,"column":16}},"loc":{"start":{"line":12,"column":46},"end":{"line":16,"column":5}}}},"branchMap":{},"s":{"0":0,"1":0,"2":0,"3":0,"4":0,"5":0,"6":0,"7":0},"f":{"0":0,"1":0,"2":0},"b":{}}
,"/Users/macbook/Data/Projects/99Tech/code-challenge/src/problem5/src/migrations/1775661024814-AddDeletedAtToUsers.ts": {"path":"/Users/macbook/Data/Projects/99Tech/code-challenge/src/problem5/src/migrations/1775661024814-AddDeletedAtToUsers.ts","statementMap":{"0":{"start":{"line":4,"column":4},"end":{"line":4,"column":null}},"1":{"start":{"line":7,"column":8},"end":{"line":7,"column":117}},"2":{"start":{"line":8,"column":8},"end":{"line":8,"column":97}},"3":{"start":{"line":12,"column":8},"end":{"line":12,"column":78}},"4":{"start":{"line":13,"column":8},"end":{"line":13,"column":80}},"5":{"start":{"line":3,"column":0},"end":{"line":3,"column":13}}},"fnMap":{"0":{"name":"(anonymous_0)","decl":{"start":{"line":3,"column":0},"end":{"line":3,"column":13}},"loc":{"start":{"line":3,"column":0},"end":{"line":15,"column":1}}},"1":{"name":"(anonymous_1)","decl":{"start":{"line":6,"column":11},"end":{"line":6,"column":16}},"loc":{"start":{"line":6,"column":44},"end":{"line":9,"column":5}}},"2":{"name":"(anonymous_2)","decl":{"start":{"line":11,"column":11},"end":{"line":11,"column":16}},"loc":{"start":{"line":11,"column":46},"end":{"line":14,"column":5}}}},"branchMap":{},"s":{"0":0,"1":0,"2":0,"3":0,"4":0,"5":0},"f":{"0":0,"1":0,"2":0},"b":{}}
,"/Users/macbook/Data/Projects/99Tech/code-challenge/src/problem5/src/repositories/user.repository.ts": {"path":"/Users/macbook/Data/Projects/99Tech/code-challenge/src/problem5/src/repositories/user.repository.ts","statementMap":{"0":{"start":{"line":2,"column":0},"end":{"line":2,"column":53}},"1":{"start":{"line":11,"column":4},"end":{"line":11,"column":53}},"2":{"start":{"line":15,"column":17},"end":{"line":19,"column":6}},"3":{"start":{"line":20,"column":4},"end":{"line":20,"column":32}},"4":{"start":{"line":32,"column":8},"end":{"line":32,"column":15}},"5":{"start":{"line":34,"column":15},"end":{"line":36,"column":39}},"6":{"start":{"line":38,"column":4},"end":{"line":38,"column":74}},"7":{"start":{"line":38,"column":14},"end":{"line":38,"column":74}},"8":{"start":{"line":39,"column":4},"end":{"line":39,"column":79}},"9":{"start":{"line":39,"column":15},"end":{"line":39,"column":79}},"10":{"start":{"line":40,"column":4},"end":{"line":40,"column":57}},"11":{"start":{"line":40,"column":14},"end":{"line":40,"column":57}},"12":{"start":{"line":42,"column":4},"end":{"line":44,"column":19}},"13":{"start":{"line":46,"column":27},"end":{"line":46,"column":53}},"14":{"start":{"line":47,"column":23},"end":{"line":47,"column":47}},"15":{"start":{"line":49,"column":4},"end":{"line":49,"column":85}},"16":{"start":{"line":53,"column":4},"end":{"line":57,"column":16}},"17":{"start":{"line":61,"column":4},"end":{"line":65,"column":16}},"18":{"start":{"line":69,"column":4},"end":{"line":75,"column":17}},"19":{"start":{"line":77,"column":4},"end":{"line":77,"column":29}},"20":{"start":{"line":81,"column":19},"end":{"line":87,"column":16}},"21":{"start":{"line":89,"column":4},"end":{"line":89,"column":38}},"22":{"start":{"line":7,"column":0},"end":{"line":7,"column":13}}},"fnMap":{"0":{"name":"(anonymous_0)","decl":{"start":{"line":10,"column":2},"end":{"line":10,"column":14}},"loc":{"start":{"line":10,"column":36},"end":{"line":12,"column":3}}},"1":{"name":"(anonymous_1)","decl":{"start":{"line":14,"column":2},"end":{"line":14,"column":7}},"loc":{"start":{"line":14,"column":33},"end":{"line":21,"column":3}}},"2":{"name":"(anonymous_2)","decl":{"start":{"line":23,"column":2},"end":{"line":23,"column":7}},"loc":{"start":{"line":23,"column":36},"end":{"line":50,"column":3}}},"3":{"name":"(anonymous_3)","decl":{"start":{"line":52,"column":2},"end":{"line":52,"column":7}},"loc":{"start":{"line":52,"column":27},"end":{"line":58,"column":3}}},"4":{"name":"(anonymous_4)","decl":{"start":{"line":60,"column":2},"end":{"line":60,"column":7}},"loc":{"start":{"line":60,"column":33},"end":{"line":66,"column":3}}},"5":{"name":"(anonymous_5)","decl":{"start":{"line":68,"column":2},"end":{"line":68,"column":7}},"loc":{"start":{"line":68,"column":45},"end":{"line":78,"column":3}}},"6":{"name":"(anonymous_6)","decl":{"start":{"line":80,"column":2},"end":{"line":80,"column":7}},"loc":{"start":{"line":80,"column":25},"end":{"line":90,"column":3}}}},"branchMap":{"0":{"loc":{"start":{"line":18,"column":12},"end":{"line":18,"column":30}},"type":"binary-expr","locations":[{"start":{"line":18,"column":12},"end":{"line":18,"column":20}},{"start":{"line":18,"column":24},"end":{"line":18,"column":30}}]},"1":{"loc":{"start":{"line":28,"column":6},"end":{"line":28,"column":14}},"type":"default-arg","locations":[{"start":{"line":28,"column":13},"end":{"line":28,"column":14}}]},"2":{"loc":{"start":{"line":29,"column":6},"end":{"line":29,"column":16}},"type":"default-arg","locations":[{"start":{"line":29,"column":14},"end":{"line":29,"column":16}}]},"3":{"loc":{"start":{"line":30,"column":6},"end":{"line":30,"column":27}},"type":"default-arg","locations":[{"start":{"line":30,"column":15},"end":{"line":30,"column":27}}]},"4":{"loc":{"start":{"line":31,"column":6},"end":{"line":31,"column":24}},"type":"default-arg","locations":[{"start":{"line":31,"column":18},"end":{"line":31,"column":24}}]},"5":{"loc":{"start":{"line":38,"column":4},"end":{"line":38,"column":74}},"type":"if","locations":[{"start":{"line":38,"column":4},"end":{"line":38,"column":74}},{"start":{},"end":{}}]},"6":{"loc":{"start":{"line":39,"column":4},"end":{"line":39,"column":79}},"type":"if","locations":[{"start":{"line":39,"column":4},"end":{"line":39,"column":79}},{"start":{},"end":{}}]},"7":{"loc":{"start":{"line":40,"column":4},"end":{"line":40,"column":57}},"type":"if","locations":[{"start":{"line":40,"column":4},"end":{"line":40,"column":57}},{"start":{},"end":{}}]},"8":{"loc":{"start":{"line":89,"column":12},"end":{"line":89,"column":32}},"type":"binary-expr","locations":[{"start":{"line":89,"column":12},"end":{"line":89,"column":27}},{"start":{"line":89,"column":31},"end":{"line":89,"column":32}}]}},"s":{"0":1,"1":1,"2":0,"3":0,"4":0,"5":0,"6":0,"7":0,"8":0,"9":0,"10":0,"11":0,"12":0,"13":0,"14":0,"15":0,"16":0,"17":0,"18":0,"19":0,"20":0,"21":0,"22":1},"f":{"0":1,"1":0,"2":0,"3":0,"4":0,"5":0,"6":0},"b":{"0":[0,0],"1":[0],"2":[0],"3":[0],"4":[0],"5":[0,0],"6":[0,0],"7":[0,0],"8":[0,0]}}
,"/Users/macbook/Data/Projects/99Tech/code-challenge/src/problem5/src/routes/index.ts": {"path":"/Users/macbook/Data/Projects/99Tech/code-challenge/src/problem5/src/routes/index.ts","statementMap":{"0":{"start":{"line":1,"column":0},"end":{"line":1,"column":33}},"1":{"start":{"line":2,"column":0},"end":{"line":2,"column":54}},"2":{"start":{"line":3,"column":0},"end":{"line":3,"column":64}},"3":{"start":{"line":4,"column":0},"end":{"line":4,"column":65}},"4":{"start":{"line":5,"column":0},"end":{"line":5,"column":55}},"5":{"start":{"line":6,"column":0},"end":{"line":6,"column":49}},"6":{"start":{"line":9,"column":23},"end":{"line":9,"column":56}},"7":{"start":{"line":10,"column":20},"end":{"line":10,"column":51}},"8":{"start":{"line":11,"column":23},"end":{"line":11,"column":54}},"9":{"start":{"line":13,"column":15},"end":{"line":13,"column":23}},"10":{"start":{"line":14,"column":0},"end":{"line":14,"column":55}},"11":{"start":{"line":16,"column":0},"end":{"line":16,"column":22}}},"fnMap":{},"branchMap":{},"s":{"0":1,"1":1,"2":1,"3":1,"4":1,"5":1,"6":1,"7":1,"8":1,"9":1,"10":1,"11":1},"f":{},"b":{}}
,"/Users/macbook/Data/Projects/99Tech/code-challenge/src/problem5/src/routes/user.routes.ts": {"path":"/Users/macbook/Data/Projects/99Tech/code-challenge/src/problem5/src/routes/user.routes.ts","statementMap":{"0":{"start":{"line":13,"column":0},"end":{"line":13,"column":16}},"1":{"start":{"line":1,"column":0},"end":{"line":1,"column":33}},"2":{"start":{"line":3,"column":0},"end":{"line":3,"column":62}},"3":{"start":{"line":4,"column":0},"end":{"line":4,"column":67}},"4":{"start":{"line":5,"column":0},"end":{"line":5,"column":64}},"5":{"start":{"line":6,"column":0},"end":{"line":6,"column":null}},"6":{"start":{"line":14,"column":17},"end":{"line":14,"column":25}},"7":{"start":{"line":51,"column":2},"end":{"line":57,"column":4}},"8":{"start":{"line":108,"column":2},"end":{"line":114,"column":4}},"9":{"start":{"line":146,"column":2},"end":{"line":152,"column":4}},"10":{"start":{"line":183,"column":2},"end":{"line":189,"column":4}},"11":{"start":{"line":214,"column":2},"end":{"line":220,"column":4}},"12":{"start":{"line":222,"column":2},"end":{"line":222,"column":16}}},"fnMap":{"0":{"name":"createUserRouter","decl":{"start":{"line":13,"column":16},"end":{"line":13,"column":32}},"loc":{"start":{"line":13,"column":60},"end":{"line":223,"column":1}}}},"branchMap":{},"s":{"0":1,"1":1,"2":1,"3":1,"4":1,"5":1,"6":1,"7":1,"8":1,"9":1,"10":1,"11":1,"12":1},"f":{"0":1},"b":{}}
,"/Users/macbook/Data/Projects/99Tech/code-challenge/src/problem5/src/services/user.service.ts": {"path":"/Users/macbook/Data/Projects/99Tech/code-challenge/src/problem5/src/services/user.service.ts","statementMap":{"0":{"start":{"line":1,"column":0},"end":{"line":1,"column":79}},"1":{"start":{"line":2,"column":0},"end":{"line":2,"column":43}},"2":{"start":{"line":8,"column":17},"end":{"line":8,"column":48}},"3":{"start":{"line":8,"column":33},"end":{"line":8,"column":48}},"4":{"start":{"line":9,"column":17},"end":{"line":9,"column":80}},"5":{"start":{"line":9,"column":43},"end":{"line":9,"column":80}},"6":{"start":{"line":12,"column":31},"end":{"line":12,"column":62}},"7":{"start":{"line":15,"column":21},"end":{"line":15,"column":69}},"8":{"start":{"line":16,"column":4},"end":{"line":18,"column":5}},"9":{"start":{"line":17,"column":6},"end":{"line":17,"column":54}},"10":{"start":{"line":19,"column":17},"end":{"line":19,"column":54}},"11":{"start":{"line":20,"column":4},"end":{"line":20,"column":40}},"12":{"start":{"line":21,"column":4},"end":{"line":21,"column":16}},"13":{"start":{"line":25,"column":16},"end":{"line":25,"column":33}},"14":{"start":{"line":26,"column":19},"end":{"line":26,"column":59}},"15":{"start":{"line":27,"column":4},"end":{"line":27,"column":30}},"16":{"start":{"line":27,"column":16},"end":{"line":27,"column":30}},"17":{"start":{"line":29,"column":19},"end":{"line":29,"column":61}},"18":{"start":{"line":30,"column":4},"end":{"line":30,"column":32}},"19":{"start":{"line":31,"column":4},"end":{"line":31,"column":18}},"20":{"start":{"line":35,"column":16},"end":{"line":35,"column":28}},"21":{"start":{"line":36,"column":19},"end":{"line":36,"column":44}},"22":{"start":{"line":37,"column":4},"end":{"line":37,"column":30}},"23":{"start":{"line":37,"column":16},"end":{"line":37,"column":30}},"24":{"start":{"line":39,"column":17},"end":{"line":39,"column":55}},"25":{"start":{"line":40,"column":4},"end":{"line":40,"column":57}},"26":{"start":{"line":40,"column":15},"end":{"line":40,"column":57}},"27":{"start":{"line":42,"column":4},"end":{"line":42,"column":30}},"28":{"start":{"line":43,"column":4},"end":{"line":43,"column":16}},"29":{"start":{"line":47,"column":4},"end":{"line":47,"column":31}},"30":{"start":{"line":49,"column":4},"end":{"line":54,"column":5}},"31":{"start":{"line":50,"column":23},"end":{"line":50,"column":71}},"32":{"start":{"line":51,"column":6},"end":{"line":53,"column":7}},"33":{"start":{"line":52,"column":8},"end":{"line":52,"column":56}},"34":{"start":{"line":56,"column":20},"end":{"line":56,"column":61}},"35":{"start":{"line":57,"column":4},"end":{"line":57,"column":60}},"36":{"start":{"line":57,"column":18},"end":{"line":57,"column":60}},"37":{"start":{"line":59,"column":4},"end":{"line":59,"column":33}},"38":{"start":{"line":60,"column":4},"end":{"line":60,"column":40}},"39":{"start":{"line":61,"column":4},"end":{"line":61,"column":19}},"40":{"start":{"line":65,"column":4},"end":{"line":65,"column":31}},"41":{"start":{"line":66,"column":4},"end":{"line":66,"column":41}},"42":{"start":{"line":67,"column":4},"end":{"line":67,"column":33}},"43":{"start":{"line":68,"column":4},"end":{"line":68,"column":40}},"44":{"start":{"line":11,"column":0},"end":{"line":11,"column":13}}},"fnMap":{"0":{"name":"(anonymous_0)","decl":{"start":{"line":8,"column":17},"end":{"line":8,"column":18}},"loc":{"start":{"line":8,"column":33},"end":{"line":8,"column":48}}},"1":{"name":"(anonymous_1)","decl":{"start":{"line":9,"column":17},"end":{"line":9,"column":18}},"loc":{"start":{"line":9,"column":43},"end":{"line":9,"column":80}}},"2":{"name":"(anonymous_2)","decl":{"start":{"line":12,"column":2},"end":{"line":12,"column":31}},"loc":{"start":{"line":12,"column":62},"end":{"line":12,"column":66}}},"3":{"name":"(anonymous_3)","decl":{"start":{"line":14,"column":2},"end":{"line":14,"column":7}},"loc":{"start":{"line":14,"column":37},"end":{"line":22,"column":3}}},"4":{"name":"(anonymous_4)","decl":{"start":{"line":24,"column":2},"end":{"line":24,"column":7}},"loc":{"start":{"line":24,"column":38},"end":{"line":32,"column":3}}},"5":{"name":"(anonymous_5)","decl":{"start":{"line":34,"column":2},"end":{"line":34,"column":7}},"loc":{"start":{"line":34,"column":30},"end":{"line":44,"column":3}}},"6":{"name":"(anonymous_6)","decl":{"start":{"line":46,"column":2},"end":{"line":46,"column":7}},"loc":{"start":{"line":46,"column":49},"end":{"line":62,"column":3}}},"7":{"name":"(anonymous_7)","decl":{"start":{"line":64,"column":2},"end":{"line":64,"column":7}},"loc":{"start":{"line":64,"column":29},"end":{"line":69,"column":3}}}},"branchMap":{"0":{"loc":{"start":{"line":16,"column":4},"end":{"line":18,"column":5}},"type":"if","locations":[{"start":{"line":16,"column":4},"end":{"line":18,"column":5}},{"start":{},"end":{}}]},"1":{"loc":{"start":{"line":27,"column":4},"end":{"line":27,"column":30}},"type":"if","locations":[{"start":{"line":27,"column":4},"end":{"line":27,"column":30}},{"start":{},"end":{}}]},"2":{"loc":{"start":{"line":37,"column":4},"end":{"line":37,"column":30}},"type":"if","locations":[{"start":{"line":37,"column":4},"end":{"line":37,"column":30}},{"start":{},"end":{}}]},"3":{"loc":{"start":{"line":40,"column":4},"end":{"line":40,"column":57}},"type":"if","locations":[{"start":{"line":40,"column":4},"end":{"line":40,"column":57}},{"start":{},"end":{}}]},"4":{"loc":{"start":{"line":49,"column":4},"end":{"line":54,"column":5}},"type":"if","locations":[{"start":{"line":49,"column":4},"end":{"line":54,"column":5}},{"start":{},"end":{}}]},"5":{"loc":{"start":{"line":51,"column":6},"end":{"line":53,"column":7}},"type":"if","locations":[{"start":{"line":51,"column":6},"end":{"line":53,"column":7}},{"start":{},"end":{}}]},"6":{"loc":{"start":{"line":51,"column":10},"end":{"line":51,"column":40}},"type":"binary-expr","locations":[{"start":{"line":51,"column":10},"end":{"line":51,"column":18}},{"start":{"line":51,"column":22},"end":{"line":51,"column":40}}]},"7":{"loc":{"start":{"line":57,"column":4},"end":{"line":57,"column":60}},"type":"if","locations":[{"start":{"line":57,"column":4},"end":{"line":57,"column":60}},{"start":{},"end":{}}]}},"s":{"0":5,"1":5,"2":5,"3":22,"4":5,"5":8,"6":28,"7":3,"8":3,"9":1,"10":2,"11":2,"12":2,"13":8,"14":8,"15":8,"16":1,"17":7,"18":7,"19":7,"20":16,"21":16,"22":16,"23":1,"24":15,"25":15,"26":6,"27":9,"28":9,"29":5,"30":4,"31":2,"32":2,"33":1,"34":3,"35":3,"36":0,"37":3,"38":3,"39":3,"40":5,"41":3,"42":3,"43":3,"44":5},"f":{"0":22,"1":8,"2":28,"3":3,"4":8,"5":16,"6":5,"7":5},"b":{"0":[1,2],"1":[1,7],"2":[1,15],"3":[6,9],"4":[2,2],"5":[1,1],"6":[2,2],"7":[0,3]}}
,"/Users/macbook/Data/Projects/99Tech/code-challenge/src/problem5/src/utils/cache.ts": {"path":"/Users/macbook/Data/Projects/99Tech/code-challenge/src/problem5/src/utils/cache.ts","statementMap":{"0":{"start":{"line":27,"column":0},"end":{"line":27,"column":7}},"1":{"start":{"line":37,"column":0},"end":{"line":37,"column":7}},"2":{"start":{"line":46,"column":0},"end":{"line":46,"column":7}},"3":{"start":{"line":55,"column":0},"end":{"line":55,"column":7}},"4":{"start":{"line":65,"column":0},"end":{"line":65,"column":7}},"5":{"start":{"line":1,"column":0},"end":{"line":1,"column":28}},"6":{"start":{"line":2,"column":0},"end":{"line":2,"column":36}},"7":{"start":{"line":3,"column":0},"end":{"line":3,"column":34}},"8":{"start":{"line":6,"column":16},"end":{"line":6,"column":38}},"9":{"start":{"line":8,"column":27},"end":{"line":8,"column":31}},"10":{"start":{"line":11,"column":2},"end":{"line":23,"column":3}},"11":{"start":{"line":12,"column":4},"end":{"line":19,"column":7}},"12":{"start":{"line":17,"column":41},"end":{"line":17,"column":87}},"13":{"start":{"line":21,"column":4},"end":{"line":21,"column":63}},"14":{"start":{"line":21,"column":31},"end":{"line":21,"column":61}},"15":{"start":{"line":22,"column":4},"end":{"line":22,"column":101}},"16":{"start":{"line":22,"column":32},"end":{"line":22,"column":99}},"17":{"start":{"line":24,"column":2},"end":{"line":24,"column":16}},"18":{"start":{"line":28,"column":2},"end":{"line":28,"column":27}},"19":{"start":{"line":28,"column":15},"end":{"line":28,"column":27}},"20":{"start":{"line":29,"column":2},"end":{"line":34,"column":3}},"21":{"start":{"line":30,"column":18},"end":{"line":30,"column":44}},"22":{"start":{"line":31,"column":4},"end":{"line":31,"column":51}},"23":{"start":{"line":33,"column":4},"end":{"line":33,"column":16}},"24":{"start":{"line":38,"column":2},"end":{"line":38,"column":22}},"25":{"start":{"line":38,"column":15},"end":{"line":38,"column":22}},"26":{"start":{"line":39,"column":2},"end":{"line":43,"column":3}},"27":{"start":{"line":40,"column":4},"end":{"line":40,"column":65}},"28":{"start":{"line":47,"column":2},"end":{"line":47,"column":22}},"29":{"start":{"line":47,"column":15},"end":{"line":47,"column":22}},"30":{"start":{"line":48,"column":2},"end":{"line":52,"column":3}},"31":{"start":{"line":49,"column":4},"end":{"line":49,"column":56}},"32":{"start":{"line":49,"column":25},"end":{"line":49,"column":56}},"33":{"start":{"line":56,"column":2},"end":{"line":56,"column":22}},"34":{"start":{"line":56,"column":15},"end":{"line":56,"column":22}},"35":{"start":{"line":57,"column":2},"end":{"line":62,"column":3}},"36":{"start":{"line":58,"column":17},"end":{"line":58,"column":48}},"37":{"start":{"line":59,"column":4},"end":{"line":59,"column":56}},"38":{"start":{"line":59,"column":25},"end":{"line":59,"column":56}},"39":{"start":{"line":66,"column":2},"end":{"line":69,"column":3}},"40":{"start":{"line":67,"column":4},"end":{"line":67,"column":24}},"41":{"start":{"line":68,"column":4},"end":{"line":68,"column":18}}},"fnMap":{"0":{"name":"getClient","decl":{"start":{"line":10,"column":9},"end":{"line":10,"column":18}},"loc":{"start":{"line":10,"column":18},"end":{"line":25,"column":1}}},"1":{"name":"(anonymous_2)","decl":{"start":{"line":17,"column":21},"end":{"line":17,"column":22}},"loc":{"start":{"line":17,"column":41},"end":{"line":17,"column":87}}},"2":{"name":"(anonymous_3)","decl":{"start":{"line":21,"column":25},"end":{"line":21,"column":28}},"loc":{"start":{"line":21,"column":31},"end":{"line":21,"column":61}}},"3":{"name":"(anonymous_4)","decl":{"start":{"line":22,"column":23},"end":{"line":22,"column":24}},"loc":{"start":{"line":22,"column":32},"end":{"line":22,"column":99}}},"4":{"name":"cacheGet","decl":{"start":{"line":27,"column":22},"end":{"line":27,"column":30}},"loc":{"start":{"line":27,"column":45},"end":{"line":35,"column":1}}},"5":{"name":"cacheSet","decl":{"start":{"line":37,"column":22},"end":{"line":37,"column":30}},"loc":{"start":{"line":37,"column":79},"end":{"line":44,"column":1}}},"6":{"name":"cacheDel","decl":{"start":{"line":46,"column":22},"end":{"line":46,"column":30}},"loc":{"start":{"line":46,"column":48},"end":{"line":53,"column":1}}},"7":{"name":"cacheDelPattern","decl":{"start":{"line":55,"column":22},"end":{"line":55,"column":37}},"loc":{"start":{"line":55,"column":53},"end":{"line":63,"column":1}}},"8":{"name":"disconnectCache","decl":{"start":{"line":65,"column":22},"end":{"line":65,"column":37}},"loc":{"start":{"line":65,"column":37},"end":{"line":70,"column":1}}}},"branchMap":{"0":{"loc":{"start":{"line":11,"column":2},"end":{"line":23,"column":3}},"type":"if","locations":[{"start":{"line":11,"column":2},"end":{"line":23,"column":3}},{"start":{},"end":{}}]},"1":{"loc":{"start":{"line":17,"column":41},"end":{"line":17,"column":87}},"type":"cond-expr","locations":[{"start":{"line":17,"column":53},"end":{"line":17,"column":57}},{"start":{"line":17,"column":60},"end":{"line":17,"column":87}}]},"2":{"loc":{"start":{"line":28,"column":2},"end":{"line":28,"column":27}},"type":"if","locations":[{"start":{"line":28,"column":2},"end":{"line":28,"column":27}},{"start":{},"end":{}}]},"3":{"loc":{"start":{"line":31,"column":11},"end":{"line":31,"column":50}},"type":"cond-expr","locations":[{"start":{"line":31,"column":20},"end":{"line":31,"column":43}},{"start":{"line":31,"column":46},"end":{"line":31,"column":50}}]},"4":{"loc":{"start":{"line":37,"column":60},"end":{"line":37,"column":79}},"type":"default-arg","locations":[{"start":{"line":37,"column":66},"end":{"line":37,"column":79}}]},"5":{"loc":{"start":{"line":38,"column":2},"end":{"line":38,"column":22}},"type":"if","locations":[{"start":{"line":38,"column":2},"end":{"line":38,"column":22}},{"start":{},"end":{}}]},"6":{"loc":{"start":{"line":47,"column":2},"end":{"line":47,"column":22}},"type":"if","locations":[{"start":{"line":47,"column":2},"end":{"line":47,"column":22}},{"start":{},"end":{}}]},"7":{"loc":{"start":{"line":49,"column":4},"end":{"line":49,"column":56}},"type":"if","locations":[{"start":{"line":49,"column":4},"end":{"line":49,"column":56}},{"start":{},"end":{}}]},"8":{"loc":{"start":{"line":56,"column":2},"end":{"line":56,"column":22}},"type":"if","locations":[{"start":{"line":56,"column":2},"end":{"line":56,"column":22}},{"start":{},"end":{}}]},"9":{"loc":{"start":{"line":59,"column":4},"end":{"line":59,"column":56}},"type":"if","locations":[{"start":{"line":59,"column":4},"end":{"line":59,"column":56}},{"start":{},"end":{}}]},"10":{"loc":{"start":{"line":66,"column":2},"end":{"line":69,"column":3}},"type":"if","locations":[{"start":{"line":66,"column":2},"end":{"line":69,"column":3}},{"start":{},"end":{}}]}},"s":{"0":5,"1":5,"2":5,"3":5,"4":5,"5":5,"6":5,"7":5,"8":5,"9":5,"10":0,"11":0,"12":0,"13":0,"14":0,"15":0,"16":0,"17":0,"18":9,"19":9,"20":0,"21":0,"22":0,"23":0,"24":6,"25":6,"26":0,"27":0,"28":3,"29":3,"30":0,"31":0,"32":0,"33":4,"34":4,"35":0,"36":0,"37":0,"38":0,"39":0,"40":0,"41":0},"f":{"0":0,"1":0,"2":0,"3":0,"4":9,"5":6,"6":3,"7":4,"8":0},"b":{"0":[0,0],"1":[0,0],"2":[9,0],"3":[0,0],"4":[6],"5":[6,0],"6":[3,0],"7":[0,0],"8":[4,0],"9":[0,0],"10":[0,0]}}
,"/Users/macbook/Data/Projects/99Tech/code-challenge/src/problem5/src/utils/errors.ts": {"path":"/Users/macbook/Data/Projects/99Tech/code-challenge/src/problem5/src/utils/errors.ts","statementMap":{"0":{"start":{"line":6,"column":4},"end":{"line":6,"column":19}},"1":{"start":{"line":3,"column":20},"end":{"line":3,"column":35}},"2":{"start":{"line":4,"column":20},"end":{"line":4,"column":38}},"3":{"start":{"line":7,"column":4},"end":{"line":7,"column":27}},"4":{"start":{"line":1,"column":0},"end":{"line":1,"column":13}}},"fnMap":{"0":{"name":"(anonymous_0)","decl":{"start":{"line":2,"column":2},"end":{"line":2,"column":null}},"loc":{"start":{"line":4,"column":38},"end":{"line":8,"column":3}}}},"branchMap":{},"s":{"0":11,"1":11,"2":11,"3":11,"4":6},"f":{"0":11},"b":{}}
,"/Users/macbook/Data/Projects/99Tech/code-challenge/src/problem5/src/utils/logger.ts": {"path":"/Users/macbook/Data/Projects/99Tech/code-challenge/src/problem5/src/utils/logger.ts","statementMap":{"0":{"start":{"line":1,"column":0},"end":{"line":1,"column":30}},"1":{"start":{"line":2,"column":0},"end":{"line":2,"column":36}},"2":{"start":{"line":4,"column":13},"end":{"line":19,"column":3}},"3":{"start":{"line":13,"column":28},"end":{"line":13,"column":86}},"4":{"start":{"line":14,"column":12},"end":{"line":14,"column":67}}},"fnMap":{"0":{"name":"(anonymous_1)","decl":{"start":{"line":12,"column":32},"end":{"line":12,"column":33}},"loc":{"start":{"line":12,"column":75},"end":{"line":15,"column":11}}}},"branchMap":{"0":{"loc":{"start":{"line":5,"column":9},"end":{"line":5,"column":55}},"type":"cond-expr","locations":[{"start":{"line":5,"column":40},"end":{"line":5,"column":46}},{"start":{"line":5,"column":49},"end":{"line":5,"column":55}}]},"1":{"loc":{"start":{"line":8,"column":4},"end":{"line":15,"column":null}},"type":"cond-expr","locations":[{"start":{"line":9,"column":8},"end":{"line":9,"column":29}},{"start":{"line":10,"column":8},"end":{"line":15,"column":null}}]},"2":{"loc":{"start":{"line":13,"column":28},"end":{"line":13,"column":86}},"type":"cond-expr","locations":[{"start":{"line":13,"column":55},"end":{"line":13,"column":81}},{"start":{"line":13,"column":84},"end":{"line":13,"column":86}}]}},"s":{"0":5,"1":5,"2":5,"3":8,"4":8},"f":{"0":8},"b":{"0":[0,5],"1":[0,5],"2":[0,8]}}
,"/Users/macbook/Data/Projects/99Tech/code-challenge/src/problem5/src/utils/response.util.ts": {"path":"/Users/macbook/Data/Projects/99Tech/code-challenge/src/problem5/src/utils/response.util.ts","statementMap":{"0":{"start":{"line":4,"column":0},"end":{"line":4,"column":16}},"1":{"start":{"line":14,"column":0},"end":{"line":14,"column":16}},"2":{"start":{"line":24,"column":0},"end":{"line":24,"column":16}},"3":{"start":{"line":10,"column":31},"end":{"line":10,"column":63}},"4":{"start":{"line":11,"column":2},"end":{"line":11,"column":36}},"5":{"start":{"line":20,"column":28},"end":{"line":20,"column":63}},"6":{"start":{"line":21,"column":2},"end":{"line":21,"column":36}},"7":{"start":{"line":29,"column":46},"end":{"line":29,"column":89}},"8":{"start":{"line":30,"column":2},"end":{"line":30,"column":29}}},"fnMap":{"0":{"name":"sendSuccess","decl":{"start":{"line":4,"column":16},"end":{"line":4,"column":27}},"loc":{"start":{"line":8,"column":18},"end":{"line":12,"column":1}}},"1":{"name":"sendError","decl":{"start":{"line":14,"column":16},"end":{"line":14,"column":25}},"loc":{"start":{"line":18,"column":28},"end":{"line":22,"column":1}}},"2":{"name":"sendPaginated","decl":{"start":{"line":24,"column":16},"end":{"line":24,"column":29}},"loc":{"start":{"line":27,"column":29},"end":{"line":31,"column":1}}}},"branchMap":{"0":{"loc":{"start":{"line":8,"column":2},"end":{"line":8,"column":18}},"type":"default-arg","locations":[{"start":{"line":8,"column":15},"end":{"line":8,"column":18}}]},"1":{"loc":{"start":{"line":17,"column":2},"end":{"line":17,"column":18}},"type":"default-arg","locations":[{"start":{"line":17,"column":15},"end":{"line":17,"column":18}}]}},"s":{"0":6,"1":6,"2":6,"3":4,"4":4,"5":12,"6":12,"7":1,"8":1},"f":{"0":4,"1":12,"2":1},"b":{"0":[3],"1":[0]}}
,"/Users/macbook/Data/Projects/99Tech/code-challenge/src/problem5/src/validators/user.validator.ts": {"path":"/Users/macbook/Data/Projects/99Tech/code-challenge/src/problem5/src/validators/user.validator.ts","statementMap":{"0":{"start":{"line":1,"column":0},"end":{"line":1,"column":24}},"1":{"start":{"line":3,"column":13},"end":{"line":9,"column":3}},"2":{"start":{"line":11,"column":13},"end":{"line":24,"column":3}},"3":{"start":{"line":18,"column":22},"end":{"line":18,"column":50}},"4":{"start":{"line":26,"column":13},"end":{"line":30,"column":3}},"5":{"start":{"line":32,"column":13},"end":{"line":42,"column":3}}},"fnMap":{"0":{"name":"(anonymous_0)","decl":{"start":{"line":18,"column":12},"end":{"line":18,"column":13}},"loc":{"start":{"line":18,"column":22},"end":{"line":18,"column":50}}}},"branchMap":{},"s":{"0":2,"1":2,"2":2,"3":1,"4":2,"5":2},"f":{"0":1},"b":{}}
}
