TN:
SF:src/app/app.ts
FN:31,(anonymous_1)
FN:43,(anonymous_2)
FN:46,(anonymous_3)
FNF:3
FNH:2
FNDA:8,(anonymous_1)
FNDA:0,(anonymous_2)
FNDA:6,(anonymous_3)
DA:1,1
DA:2,1
DA:3,1
DA:4,1
DA:5,1
DA:6,1
DA:7,1
DA:8,1
DA:9,1
DA:10,1
DA:11,1
DA:12,1
DA:14,1
DA:17,1
DA:20,1
DA:29,1
DA:31,8
DA:35,1
DA:36,1
DA:39,1
DA:42,1
DA:43,1
DA:46,1
DA:47,6
DA:48,6
DA:49,5
DA:51,1
DA:56,1
DA:59,1
DA:61,1
LF:30
LH:30
BRF:0
BRH:0
end_of_record
TN:
SF:src/config/data-source.ts
FNF:0
FNH:0
DA:1,0
DA:2,0
DA:3,0
DA:4,0
DA:6,0
LF:5
LH:0
BRDA:15,0,0,0
BRDA:15,0,1,0
BRF:2
BRH:0
end_of_record
TN:
SF:src/config/database.ts
FN:3,(anonymous_0)
FN:5,connectDatabase
FNF:2
FNH:0
FNDA:0,(anonymous_0)
FNDA:0,connectDatabase
DA:1,0
DA:3,0
DA:5,0
DA:6,0
LF:4
LH:0
BRF:0
BRH:0
end_of_record
TN:
SF:src/config/env.ts
FN:4,requireEnv
FNF:1
FNH:1
FNDA:24,requireEnv
DA:1,6
DA:2,6
DA:5,24
DA:6,24
DA:7,24
DA:10,6
LF:6
LH:6
BRDA:6,0,0,0
BRDA:6,0,1,24
BRDA:11,1,0,6
BRDA:11,1,1,0
BRDA:12,2,0,6
BRDA:12,2,1,0
BRDA:13,3,0,6
BRDA:13,3,1,6
BRDA:13,4,0,6
BRDA:13,4,1,0
BRDA:17,5,0,6
BRDA:17,5,1,0
BRDA:24,6,0,6
BRDA:24,6,1,0
BRDA:25,7,0,6
BRDA:25,7,1,0
BRDA:26,8,0,6
BRDA:26,8,1,0
BRDA:30,9,0,6
BRDA:30,9,1,6
BRDA:34,10,0,6
BRDA:34,10,1,0
BRDA:35,11,0,6
BRDA:35,11,1,0
BRF:24
BRH:14
end_of_record
TN:
SF:src/config/swagger.ts
FNF:0
FNH:0
DA:1,1
DA:2,1
DA:3,1
DA:5,1
DA:79,1
LF:5
LH:5
BRF:0
BRH:0
end_of_record
TN:
SF:src/controllers/user.controller.ts
FN:8,(anonymous_0)
FN:10,(anonymous_1)
FN:20,(anonymous_2)
FN:30,(anonymous_3)
FN:39,(anonymous_4)
FN:49,(anonymous_5)
FNF:6
FNH:6
FNDA:8,(anonymous_0)
FNDA:2,(anonymous_1)
FNDA:1,(anonymous_2)
FNDA:2,(anonymous_3)
FNDA:1,(anonymous_4)
FNDA:1,(anonymous_5)
DA:4,2
DA:7,2
DA:8,8
DA:11,2
DA:12,2
DA:13,2
DA:14,1
DA:16,1
DA:21,1
DA:22,1
DA:23,1
DA:24,1
DA:26,0
DA:31,2
DA:32,2
DA:33,1
DA:35,1
DA:40,1
DA:41,1
DA:42,1
DA:43,1
DA:45,0
DA:50,1
DA:51,1
DA:52,1
DA:54,0
LF:26
LH:23
BRF:0
BRH:0
end_of_record
TN:
SF:src/entities/user.entity.ts
FNF:0
FNH:0
DA:1,1
DA:12,1
DA:14,1
DA:17,1
DA:21,1
DA:25,1
DA:28,1
DA:31,1
DA:35,1
LF:9
LH:9
BRF:0
BRH:0
end_of_record
TN:
SF:src/middlewares/auth.middleware.ts
FN:21,authenticate
FNF:1
FNH:1
FNDA:7,authenticate
DA:2,2
DA:4,2
DA:21,2
DA:22,7
DA:23,0
DA:24,0
DA:25,0
DA:28,7
DA:30,7
DA:31,3
DA:32,3
DA:35,4
DA:36,4
DA:39,4
DA:40,1
DA:41,1
DA:44,3
DA:45,3
DA:46,1
DA:47,1
DA:50,2
DA:51,2
DA:52,2
LF:23
LH:20
BRDA:22,0,0,0
BRDA:22,0,1,7
BRDA:30,1,0,3
BRDA:30,1,1,4
BRDA:30,2,0,7
BRDA:30,2,1,5
BRDA:39,3,0,1
BRDA:39,3,1,3
BRDA:39,4,0,4
BRDA:39,4,1,4
BRDA:45,5,0,1
BRDA:45,5,1,2
BRDA:45,6,0,3
BRDA:45,6,1,2
BRF:14
BRH:13
end_of_record
TN:
SF:src/middlewares/error.middleware.ts
FN:7,errorHandler
FNF:1
FNH:0
FNDA:0,errorHandler
DA:2,1
DA:3,1
DA:4,1
DA:7,1
DA:8,0
DA:9,0
DA:10,0
DA:13,0
DA:15,0
LF:9
LH:4
BRDA:8,0,0,0
BRDA:8,0,1,0
BRDA:18,1,0,0
BRDA:18,1,1,0
BRF:4
BRH:0
end_of_record
TN:
SF:src/middlewares/permission.middleware.ts
FN:13,requireRole
FN:14,(anonymous_1)
FNF:2
FNH:2
FNDA:9,requireRole
FNDA:4,(anonymous_1)
DA:3,2
DA:13,2
DA:14,9
DA:15,4
DA:16,1
DA:17,1
DA:20,3
DA:21,1
DA:26,1
DA:29,2
LF:10
LH:10
BRDA:15,0,0,1
BRDA:15,0,1,3
BRDA:20,1,0,1
BRDA:20,1,1,2
BRF:4
BRH:4
end_of_record
TN:
SF:src/middlewares/rateLimit.middleware.ts
FNF:0
FNH:0
DA:1,1
DA:2,1
DA:4,1
LF:3
LH:3
BRF:0
BRH:0
end_of_record
TN:
SF:src/middlewares/validation.middleware.ts
FN:5,validate
FN:6,(anonymous_1)
FN:22,(anonymous_2)
FN:23,(anonymous_3)
FNF:4
FNH:4
FNDA:23,validate
FNDA:18,(anonymous_1)
FNDA:6,(anonymous_2)
FNDA:12,(anonymous_3)
DA:2,3
DA:3,3
DA:5,3
DA:6,23
DA:7,18
DA:8,18
DA:15,13
DA:16,13
DA:17,13
DA:19,13
DA:21,5
DA:22,6
DA:23,12
DA:26,5
DA:27,5
DA:29,0
LF:16
LH:15
BRDA:15,0,0,4
BRDA:15,0,1,9
BRDA:16,1,0,1
BRDA:16,1,1,12
BRDA:17,2,0,9
BRDA:17,2,1,4
BRDA:21,3,0,5
BRDA:21,3,1,0
BRDA:23,4,0,12
BRDA:23,4,1,9
BRDA:23,4,2,9
BRF:11
BRH:10
end_of_record
TN:
SF:src/migrations/1775661024813-CreateUsersTable.ts
FN:3,(anonymous_0)
FN:6,(anonymous_1)
FN:12,(anonymous_2)
FNF:3
FNH:0
FNDA:0,(anonymous_0)
FNDA:0,(anonymous_1)
FNDA:0,(anonymous_2)
DA:3,0
DA:4,0
DA:7,0
DA:8,0
DA:9,0
DA:13,0
DA:14,0
DA:15,0
LF:8
LH:0
BRF:0
BRH:0
end_of_record
TN:
SF:src/migrations/1775661024814-AddDeletedAtToUsers.ts
FN:3,(anonymous_0)
FN:6,(anonymous_1)
FN:11,(anonymous_2)
FNF:3
FNH:0
FNDA:0,(anonymous_0)
FNDA:0,(anonymous_1)
FNDA:0,(anonymous_2)
DA:3,0
DA:4,0
DA:7,0
DA:8,0
DA:12,0
DA:13,0
LF:6
LH:0
BRF:0
BRH:0
end_of_record
TN:
SF:src/repositories/user.repository.ts
FN:10,(anonymous_0)
FN:14,(anonymous_1)
FN:23,(anonymous_2)
FN:52,(anonymous_3)
FN:60,(anonymous_4)
FN:68,(anonymous_5)
FN:80,(anonymous_6)
FNF:7
FNH:1
FNDA:1,(anonymous_0)
FNDA:0,(anonymous_1)
FNDA:0,(anonymous_2)
FNDA:0,(anonymous_3)
FNDA:0,(anonymous_4)
FNDA:0,(anonymous_5)
FNDA:0,(anonymous_6)
DA:2,1
DA:7,1
DA:11,1
DA:15,0
DA:20,0
DA:32,0
DA:34,0
DA:38,0
DA:39,0
DA:40,0
DA:42,0
DA:46,0
DA:47,0
DA:49,0
DA:53,0
DA:61,0
DA:69,0
DA:77,0
DA:81,0
DA:89,0
LF:20
LH:3
BRDA:18,0,0,0
BRDA:18,0,1,0
BRDA:28,1,0,0
BRDA:29,2,0,0
BRDA:30,3,0,0
BRDA:31,4,0,0
BRDA:38,5,0,0
BRDA:38,5,1,0
BRDA:39,6,0,0
BRDA:39,6,1,0
BRDA:40,7,0,0
BRDA:40,7,1,0
BRDA:89,8,0,0
BRDA:89,8,1,0
BRF:14
BRH:0
end_of_record
TN:
SF:src/routes/index.ts
FNF:0
FNH:0
DA:1,1
DA:2,1
DA:3,1
DA:4,1
DA:5,1
DA:6,1
DA:9,1
DA:10,1
DA:11,1
DA:13,1
DA:14,1
DA:16,1
LF:12
LH:12
BRF:0
BRH:0
end_of_record
TN:
SF:src/routes/user.routes.ts
FN:13,createUserRouter
FNF:1
FNH:1
FNDA:1,createUserRouter
DA:1,1
DA:3,1
DA:4,1
DA:5,1
DA:6,1
DA:13,1
DA:14,1
DA:51,1
DA:108,1
DA:146,1
DA:183,1
DA:214,1
DA:222,1
LF:13
LH:13
BRF:0
BRH:0
end_of_record
TN:
SF:src/services/user.service.ts
FN:8,(anonymous_0)
FN:9,(anonymous_1)
FN:12,(anonymous_2)
FN:14,(anonymous_3)
FN:24,(anonymous_4)
FN:34,(anonymous_5)
FN:46,(anonymous_6)
FN:64,(anonymous_7)
FNF:8
FNH:8
FNDA:22,(anonymous_0)
FNDA:8,(anonymous_1)
FNDA:28,(anonymous_2)
FNDA:3,(anonymous_3)
FNDA:8,(anonymous_4)
FNDA:16,(anonymous_5)
FNDA:5,(anonymous_6)
FNDA:5,(anonymous_7)
DA:1,5
DA:2,5
DA:8,22
DA:9,8
DA:11,5
DA:12,28
DA:15,3
DA:16,3
DA:17,1
DA:19,2
DA:20,2
DA:21,2
DA:25,8
DA:26,8
DA:27,8
DA:29,7
DA:30,7
DA:31,7
DA:35,16
DA:36,16
DA:37,16
DA:39,15
DA:40,15
DA:42,9
DA:43,9
DA:47,5
DA:49,4
DA:50,2
DA:51,2
DA:52,1
DA:56,3
DA:57,3
DA:59,3
DA:60,3
DA:61,3
DA:65,5
DA:66,3
DA:67,3
DA:68,3
LF:39
LH:39
BRDA:16,0,0,1
BRDA:16,0,1,2
BRDA:27,1,0,1
BRDA:27,1,1,7
BRDA:37,2,0,1
BRDA:37,2,1,15
BRDA:40,3,0,6
BRDA:40,3,1,9
BRDA:49,4,0,2
BRDA:49,4,1,2
BRDA:51,5,0,1
BRDA:51,5,1,1
BRDA:51,6,0,2
BRDA:51,6,1,2
BRDA:57,7,0,0
BRDA:57,7,1,3
BRF:16
BRH:15
end_of_record
TN:
SF:src/utils/cache.ts
FN:10,getClient
FN:17,(anonymous_2)
FN:21,(anonymous_3)
FN:22,(anonymous_4)
FN:27,cacheGet
FN:37,cacheSet
FN:46,cacheDel
FN:55,cacheDelPattern
FN:65,disconnectCache
FNF:9
FNH:4
FNDA:0,getClient
FNDA:0,(anonymous_2)
FNDA:0,(anonymous_3)
FNDA:0,(anonymous_4)
FNDA:9,cacheGet
FNDA:6,cacheSet
FNDA:3,cacheDel
FNDA:4,cacheDelPattern
FNDA:0,disconnectCache
DA:1,5
DA:2,5
DA:3,5
DA:6,5
DA:8,5
DA:11,0
DA:12,0
DA:17,0
DA:21,0
DA:22,0
DA:24,0
DA:27,5
DA:28,9
DA:29,0
DA:30,0
DA:31,0
DA:33,0
DA:37,5
DA:38,6
DA:39,0
DA:40,0
DA:46,5
DA:47,3
DA:48,0
DA:49,0
DA:55,5
DA:56,4
DA:57,0
DA:58,0
DA:59,0
DA:65,5
DA:66,0
DA:67,0
DA:68,0
LF:34
LH:14
BRDA:11,0,0,0
BRDA:11,0,1,0
BRDA:17,1,0,0
BRDA:17,1,1,0
BRDA:28,2,0,9
BRDA:28,2,1,0
BRDA:31,3,0,0
BRDA:31,3,1,0
BRDA:37,4,0,6
BRDA:38,5,0,6
BRDA:38,5,1,0
BRDA:47,6,0,3
BRDA:47,6,1,0
BRDA:49,7,0,0
BRDA:49,7,1,0
BRDA:56,8,0,4
BRDA:56,8,1,0
BRDA:59,9,0,0
BRDA:59,9,1,0
BRDA:66,10,0,0
BRDA:66,10,1,0
BRF:21
BRH:5
end_of_record
TN:
SF:src/utils/errors.ts
FN:2,(anonymous_0)
FNF:1
FNH:1
FNDA:11,(anonymous_0)
DA:1,6
DA:3,11
DA:4,11
DA:6,11
DA:7,11
LF:5
LH:5
BRF:0
BRH:0
end_of_record
TN:
SF:src/utils/logger.ts
FN:12,(anonymous_1)
FNF:1
FNH:1
FNDA:8,(anonymous_1)
DA:1,5
DA:2,5
DA:4,5
DA:13,8
DA:14,8
LF:5
LH:5
BRDA:5,0,0,0
BRDA:5,0,1,5
BRDA:8,1,0,0
BRDA:8,1,1,5
BRDA:13,2,0,0
BRDA:13,2,1,8
BRF:6
BRH:3
end_of_record
TN:
SF:src/utils/response.util.ts
FN:4,sendSuccess
FN:14,sendError
FN:24,sendPaginated
FNF:3
FNH:3
FNDA:4,sendSuccess
FNDA:12,sendError
FNDA:1,sendPaginated
DA:4,6
DA:10,4
DA:11,4
DA:14,6
DA:20,12
DA:21,12
DA:24,6
DA:29,1
DA:30,1
LF:9
LH:9
BRDA:8,0,0,3
BRDA:17,1,0,0
BRF:2
BRH:1
end_of_record
TN:
SF:src/validators/user.validator.ts
FN:18,(anonymous_0)
FNF:1
FNH:1
FNDA:1,(anonymous_0)
DA:1,2
DA:3,2
DA:11,2
DA:18,1
DA:26,2
DA:32,2
LF:6
LH:6
BRF:0
BRH:0
end_of_record
